<?xml version="1.0" encoding="UTF-8"?>
<testsuite xmlns:xsi="http://www.w3.org/2001/XMLSchema-instance" xsi:noNamespaceSchemaLocation="https://maven.apache.org/surefire/maven-surefire-plugin/xsd/surefire-test-report.xsd" name="TestSuite" time="37.871" tests="2" errors="0" skipped="0" failures="1">
  <properties>
[...]
</properties>
  <testcase name="loginViaEmail" classname="ExampleTest" time="10.698"/>
  <testcase name="searchAndCheckFavorites" classname="SearchInCatalogTest" time="18.817">
    <failure message="Element not found {By.xpath: .//*[@class=&apos;addto-wishlist heart-empty heart_918494&apos;]}&#10;Expected: visible or transparent" type="com.codeborne.selenide.ex.ElementNotFound">com.codeborne.selenide.ex.ElementNotFound: 
Element not found {By.xpath: .//*[@class='addto-wishlist heart-empty heart_918494']}
Expected: visible or transparent
	at SearchInCatalogTest.searchAndCheckFavorites(SearchInCatalogTest.java:10)
Caused by: org.openqa.selenium.NoSuchElementException: 
no such element: Unable to locate element: {"method":"xpath","selector":".//*[@class='addto-wishlist heart-empty heart_918494']"}
  (Session info: chrome=90.0.4430.61)
For documentation on this error, please visit: https://www.seleniumhq.org/exceptions/no_such_element.html
Build info: version: '3.141.59', revision: 'e82be7d358', time: '2018-11-14T08:17:03'
System info: host: 'ТАТЬЯНА-ПК', ip: '192.168.56.1', os.name: 'Windows 7', os.arch: 'amd64', os.version: '6.1', java.version: '1.8.0_281'
Driver info: org.openqa.selenium.chrome.ChromeDriver
Capabilities {acceptInsecureCerts: false, browserName: chrome, browserVersion: 90.0.4430.61, chrome: {chromedriverVersion: 90.0.4430.24 (4c6d850f087da..., userDataDir: C:\Users\8C74~1\AppData\Loc...}, goog:chromeOptions: {debuggerAddress: localhost:53910}, javascriptEnabled: true, networkConnectionEnabled: false, pageLoadStrategy: eager, platform: WINDOWS, platformName: WINDOWS, proxy: Proxy(), setWindowRect: true, strictFileInteractability: false, timeouts: {implicit: 0, pageLoad: 300000, script: 30000}, unhandledPromptBehavior: dismiss and notify, webauthn:extension:largeBlob: true, webauthn:virtualAuthenticators: true}
Session ID: 4d0d2909bd74bd93359ed1b45dda28f3
*** Element info: {Using=xpath, value=.//*[@class='addto-wishlist heart-empty heart_918494']}
	at SearchInCatalogTest.searchAndCheckFavorites(SearchInCatalogTest.java:10)
</failure>
    <system-err><![CDATA[апр 09, 2021 1:18:53 AM com.codeborne.selenide.drivercommands.LazyDriver getAndCheckWebDriver
INFO: Webdriver has been closed meanwhile. Let's re-create it.
апр 09, 2021 1:18:53 AM com.codeborne.selenide.drivercommands.CloseDriverCommand run
INFO: Close webdriver: 1 -> ChromeDriver: chrome on WINDOWS (null)
апр 09, 2021 1:18:53 AM com.codeborne.selenide.drivercommands.CloseBrowser run
INFO: Trying to close the browser ChromeDriver ...
апр 09, 2021 1:18:53 AM com.codeborne.selenide.drivercommands.CloseDriverCommand run
INFO: Closed webdriver 1 in 5 ms
Starting ChromeDriver 90.0.4430.24 (4c6d850f087da467d926e8eddb76550aed655991-refs/branch-heads/4430@{#429}) on port 14871
Only local connections are allowed.
Please see https://chromedriver.chromium.org/security-considerations for suggestions on keeping ChromeDriver safe.
ChromeDriver was started successfully.
апр 09, 2021 1:18:55 AM org.openqa.selenium.remote.ProtocolHandshake createSession
INFO: Detected dialect: W3C
апр 09, 2021 1:18:55 AM com.codeborne.selenide.webdriver.BrowserResizer adjustBrowserSize
INFO: Set browser size to 1920x1080
апр 09, 2021 1:18:55 AM com.codeborne.selenide.webdriver.WebDriverFactory logBrowserVersion
INFO: BrowserName=chrome Version=90.0.4430.61 Platform=WINDOWS
апр 09, 2021 1:18:55 AM com.codeborne.selenide.webdriver.WebDriverFactory createWebDriver
INFO: Selenide v. 5.2.4
апр 09, 2021 1:18:55 AM com.codeborne.selenide.webdriver.WebDriverFactory logSeleniumInfo
INFO: Selenium WebDriver v. 3.141.59 build time: 2018-11-14T08:17:03
апр 09, 2021 1:18:55 AM com.codeborne.selenide.drivercommands.CreateDriverCommand createDriver
INFO: Create webdriver in current thread 1: ChromeDriver -> ChromeDriver: chrome on WINDOWS (4d0d2909bd74bd93359ed1b45dda28f3)
апр 09, 2021 1:19:11 AM com.codeborne.selenide.impl.ScreenShotLaboratory ensureFolderExists
INFO: Creating folder: build\reports\tests
]]></system-err>
  </testcase>
</testsuite>